#
# A fatal error has been detected by the Java Runtime Environment:
#
#  EXCEPTION_ACCESS_VIOLATION (0xc0000005) at pc=0x0000000010bf990d, pid=7072, tid=7600
#
# JRE version: 7.0_25-b16
# Java VM: Java HotSpot(TM) 64-Bit Server VM (23.25-b01 mixed mode windows-amd64 compressed oops)
# Problematic frame:
# C  [ig7icd64.dll+0x7990d]  RegisterProcTableCallback+0x710ad
#
# Failed to write core dump. Minidumps are not enabled by default on client versions of Windows
#
# If you would like to submit a bug report, please visit:
#   http://bugreport.sun.com/bugreport/crash.jsp
# The crash happened outside the Java Virtual Machine in native code.
# See problematic frame for where to report the bug.
#

---------------  T H R E A D  ---------------

Current thread (0x00000000021dd800):  JavaThread "main" [_thread_in_native, id=7600, stack(0x00000000021e0000,0x00000000022e0000)]

siginfo: ExceptionCode=0xc0000005, reading address 0x0000000013532000

Registers:
RAX=0x0000000000000001, RBX=0x0000000011338dc0, RCX=0x0000000000000000, RDX=0x0000000013531fb2
RSP=0x00000000022dd940, RBP=0x00000000022dda70, RSI=0x000000000ecea780, RDI=0x0000000011df37b0
R8 =0x00000000000001fa, R9 =0x0000000000000003, R10=0x0000000000000001, R11=0x0000000000000000
R12=0x00000000022de3b0, R13=0x000000000000000c, R14=0x0000000000000006, R15=0x0000000013ce3770
RIP=0x0000000010bf990d, EFLAGS=0x0000000000010203

Top of Stack: (sp=0x00000000022dd940)
0x00000000022dd940:   0000000000000000 0000000000000000
0x00000000022dd950:   0000000000000000 0000000000000000
0x00000000022dd960:   0000000011351758 0000000010ce07e8
0x00000000022dd970:   0000000011338dc0 000000000ecea780
0x00000000022dd980:   0000000700000000 0000000700000000
0x00000000022dd990:   00000000021dd800 00000000022ddb58
0x00000000022dd9a0:   0000000000000001 0000000000000000
0x00000000022dd9b0:   000000000ee64270 000000000e1603b0
0x00000000022dd9c0:   0000000000000000 0000000011351798
0x00000000022dd9d0:   0000000000000000 000000001134fb28
0x00000000022dd9e0:   0000000000000000 00000000022de3b0
0x00000000022dd9f0:   4141d74900000014 00000000000001fc
0x00000000022dda00:   0000000000000012 00000000ef9c16d8
0x00000000022dda10:   0000000000000001 000000000e1603c4
0x00000000022dda20:   00000000000000f8 0000000000000040
0x00000000022dda30:   000000000e1603c8 0000000000000000 

Instructions: (pc=0x0000000010bf990d)
0x0000000010bf98ed:   00 00 00 f3 0f 6f 3a f3 0f 6f 72 10 f3 0f 6f 6a
0x0000000010bf98fd:   20 41 ff c2 48 83 ef 80 41 8b c2 f3 0f 6f 62 30
0x0000000010bf990d:   f3 0f 6f 5a 40 f3 0f 6f 52 50 f3 0f 6f 4a 60 f3
0x0000000010bf991d:   0f 6f 42 70 66 0f e7 7f 80 48 83 ea 80 66 0f e7 


Register to memory mapping:

RAX=0x0000000000000001 is an unknown value
RBX=0x0000000011338dc0 is an unknown value
RCX=0x0000000000000000 is an unknown value
RDX=0x0000000013531fb2 is an unknown value
RSP=0x00000000022dd940 is pointing into the stack for thread: 0x00000000021dd800
RBP=0x00000000022dda70 is pointing into the stack for thread: 0x00000000021dd800
RSI=0x000000000ecea780 is an unknown value
RDI=0x0000000011df37b0 is an unknown value
R8 =0x00000000000001fa is an unknown value
R9 =0x0000000000000003 is an unknown value
R10=0x0000000000000001 is an unknown value
R11=0x0000000000000000 is an unknown value
R12=0x00000000022de3b0 is pointing into the stack for thread: 0x00000000021dd800
R13=0x000000000000000c is an unknown value
R14=0x0000000000000006 is an unknown value
R15=0x0000000013ce3770 is an unknown value


Stack: [0x00000000021e0000,0x00000000022e0000],  sp=0x00000000022dd940,  free space=1014k
Native frames: (J=compiled Java code, j=interpreted, Vv=VM code, C=native code)
C  [ig7icd64.dll+0x7990d]  RegisterProcTableCallback+0x710ad

Java frames: (J=compiled Java code, j=interpreted, Vv=VM code)
j  org.lwjgl.opengl.GL11.nglDrawArrays(IIIJ)V+0
j  org.lwjgl.opengl.GL11.glDrawArrays(III)V+20
j  graphics.Graphics.drawSprite()V+115
j  core.Main.run()V+75
j  core.Main.main([Ljava/lang/String;)V+3
v  ~StubRoutines::call_stub

---------------  P R O C E S S  ---------------

Java Threads: ( => current thread )
  0x000000000de70800 JavaThread "LWJGL Timer" daemon [_thread_blocked, id=8372, stack(0x000000000f890000,0x000000000f990000)]
  0x000000000b736000 JavaThread "Service Thread" daemon [_thread_blocked, id=2692, stack(0x000000000db30000,0x000000000dc30000)]
  0x000000000b731800 JavaThread "C2 CompilerThread1" daemon [_thread_blocked, id=7988, stack(0x000000000da30000,0x000000000db30000)]
  0x000000000b72a000 JavaThread "C2 CompilerThread0" daemon [_thread_blocked, id=5220, stack(0x000000000d930000,0x000000000da30000)]
  0x000000000b729000 JavaThread "Attach Listener" daemon [_thread_blocked, id=8200, stack(0x000000000d830000,0x000000000d930000)]
  0x000000000b724000 JavaThread "Signal Dispatcher" daemon [_thread_blocked, id=8408, stack(0x000000000d730000,0x000000000d830000)]
  0x000000000b6c0000 JavaThread "Finalizer" daemon [_thread_blocked, id=6796, stack(0x000000000d630000,0x000000000d730000)]
  0x000000000b6b8800 JavaThread "Reference Handler" daemon [_thread_blocked, id=5660, stack(0x000000000d530000,0x000000000d630000)]
=>0x00000000021dd800 JavaThread "main" [_thread_in_native, id=7600, stack(0x00000000021e0000,0x00000000022e0000)]

Other Threads:
  0x000000000b6b3000 VMThread [stack: 0x000000000d430000,0x000000000d530000] [id=7180]
  0x000000000b751000 WatcherThread [stack: 0x000000000dc30000,0x000000000dd30000] [id=2764]

VM state:not at safepoint (normal execution)

VM Mutex/Monitor currently owned by a thread: None

Heap
 PSYoungGen      total 37632K, used 4071K [0x00000007d6000000, 0x00000007d89f0000, 0x0000000800000000)
  eden space 32320K, 12% used [0x00000007d6000000,0x00000007d63f9d68,0x00000007d7f90000)
  from space 5312K, 0% used [0x00000007d84c0000,0x00000007d84c0000,0x00000007d89f0000)
  to   space 5312K, 0% used [0x00000007d7f90000,0x00000007d7f90000,0x00000007d84c0000)
 ParOldGen       total 86016K, used 0K [0x0000000782000000, 0x0000000787400000, 0x00000007d6000000)
  object space 86016K, 0% used [0x0000000782000000,0x0000000782000000,0x0000000787400000)
 PSPermGen       total 21248K, used 4361K [0x000000077ce00000, 0x000000077e2c0000, 0x0000000782000000)
  object space 21248K, 20% used [0x000000077ce00000,0x000000077d242608,0x000000077e2c0000)

Card table byte_map: [0x00000000054a0000,0x00000000058c0000] byte_map_base: 0x00000000018b9000

Polling page: 0x00000000020e0000

Code Cache  [0x00000000023e0000, 0x0000000002650000, 0x00000000053e0000)
 total_blobs=332 nmethods=30 adapters=254 free_code_cache=48676Kb largest_free_block=49824128

Compilation events (10 events):
Event: 0.994 Thread 0x000000000b72a000   26             org.lwjgl.opengl.Sync::getTime (12 bytes)
Event: 0.994 Thread 0x000000000b72a000 nmethod 26 0x0000000002454750 code [0x00000000024548a0, 0x0000000002454928]
Event: 0.995 Thread 0x000000000b731800   27             org.lwjgl.opengl.Sync$RunningAvg::add (38 bytes)
Event: 0.995 Thread 0x000000000b731800 nmethod 27 0x0000000002454450 code [0x0000000002454580, 0x0000000002454678]
Event: 0.996 Thread 0x000000000b72a000   28   !         org.lwjgl.opengl.Sync::sync (125 bytes)
Event: 1.003 Thread 0x000000000b72a000 nmethod 28 0x000000000245ac10 code [0x000000000245ae40, 0x000000000245b6c8]
Event: 4.229 Thread 0x000000000b731800   29             java.nio.Buffer::position (5 bytes)
Event: 4.229 Thread 0x000000000b731800 nmethod 29 0x0000000002454250 code [0x0000000002454380, 0x00000000024543d8]
Event: 4.313 Thread 0x000000000b72a000   30             java.nio.Buffer::checkIndex (22 bytes)
Event: 4.314 Thread 0x000000000b72a000 nmethod 30 0x0000000002454010 code [0x0000000002454140, 0x00000000024541b8]

GC Heap History (0 events):
No events

Deoptimization events (0 events):
No events

Internal exceptions (10 events):
Event: 0.859 Thread 0x00000000021dd800 Threw 0x00000007d6320ce8 at C:\jdk7u2_64p\jdk7u25\hotspot\src\share\vm\prims\jvm.cpp:1235
Event: 0.860 Thread 0x00000000021dd800 Threw 0x00000007d6323328 at C:\jdk7u2_64p\jdk7u25\hotspot\src\share\vm\prims\jvm.cpp:1235
Event: 0.861 Thread 0x00000000021dd800 Threw 0x00000007d6326d30 at C:\jdk7u2_64p\jdk7u25\hotspot\src\share\vm\prims\jvm.cpp:1235
Event: 0.862 Thread 0x00000000021dd800 Threw 0x00000007d6328f40 at C:\jdk7u2_64p\jdk7u25\hotspot\src\share\vm\prims\jvm.cpp:1235
Event: 0.862 Thread 0x00000000021dd800 Threw 0x00000007d632aec0 at C:\jdk7u2_64p\jdk7u25\hotspot\src\share\vm\prims\jvm.cpp:1235
Event: 0.864 Thread 0x00000000021dd800 Threw 0x00000007d63359a8 at C:\jdk7u2_64p\jdk7u25\hotspot\src\share\vm\prims\jvm.cpp:1235
Event: 0.866 Thread 0x00000000021dd800 Threw 0x00000007d634bbb8 at C:\jdk7u2_64p\jdk7u25\hotspot\src\share\vm\prims\jvm.cpp:1235
Event: 0.878 Thread 0x00000000021dd800 Threw 0x00000007d6353950 at C:\jdk7u2_64p\jdk7u25\hotspot\src\share\vm\prims\jvm.cpp:1235
Event: 0.879 Thread 0x00000000021dd800 Threw 0x00000007d63564f8 at C:\jdk7u2_64p\jdk7u25\hotspot\src\share\vm\prims\jvm.cpp:1235
Event: 0.879 Thread 0x00000000021dd800 Threw 0x00000007d6358fb8 at C:\jdk7u2_64p\jdk7u25\hotspot\src\share\vm\prims\jvm.cpp:1235

Events (10 events):
Event: 0.866 loading class 0x000000001350a050 done
Event: 0.878 loading class 0x000000000dd44cc0
Event: 0.878 loading class 0x000000000dd44cc0 done
Event: 0.879 loading class 0x000000000dec14f0
Event: 0.879 loading class 0x000000000dec14f0 done
Event: 0.879 loading class 0x000000001350bdf0
Event: 0.879 loading class 0x000000001350bdf0 done
Event: 0.879 Thread 0x000000000de70800 Thread added: 0x000000000de70800
Event: 4.074 Executing VM operation: EnableBiasedLocking
Event: 4.074 Executing VM operation: EnableBiasedLocking done


Dynamic libraries:
0x00007ff7839f0000 - 0x00007ff783a23000 	C:\Program Files\Java\jdk1.7.0_25\bin\java.exe
0x00007ff85f350000 - 0x00007ff85f4fc000 	C:\WINDOWS\SYSTEM32\ntdll.dll
0x00007ff85d5d0000 - 0x00007ff85d70a000 	C:\WINDOWS\system32\KERNEL32.DLL
0x00007ff85c890000 - 0x00007ff85c99f000 	C:\WINDOWS\system32\KERNELBASE.dll
0x00007ff85b2d0000 - 0x00007ff85b358000 	C:\WINDOWS\system32\apphelp.dll
0x00007ff8517f0000 - 0x00007ff85183f000 	C:\WINDOWS\AppPatch\AppPatch64\AcGenral.DLL
0x00007ff85f240000 - 0x00007ff85f2e7000 	C:\WINDOWS\system32\msvcrt.dll
0x00007ff85c500000 - 0x00007ff85c52b000 	C:\WINDOWS\SYSTEM32\SspiCli.dll
0x00007ff85d710000 - 0x00007ff85d761000 	C:\WINDOWS\system32\SHLWAPI.dll
0x00007ff85eff0000 - 0x00007ff85f161000 	C:\WINDOWS\system32\USER32.dll
0x00007ff85d9e0000 - 0x00007ff85db58000 	C:\WINDOWS\system32\ole32.dll
0x00007ff85dbe0000 - 0x00007ff85efef000 	C:\WINDOWS\system32\SHELL32.dll
0x00007ff85c090000 - 0x00007ff85c0ae000 	C:\WINDOWS\SYSTEM32\USERENV.dll
0x00007ff85d8d0000 - 0x00007ff85d975000 	C:\WINDOWS\system32\ADVAPI32.dll
0x00007ff8553d0000 - 0x00007ff8553eb000 	C:\WINDOWS\SYSTEM32\MPR.dll
0x00007ff85cdc0000 - 0x00007ff85cef7000 	C:\WINDOWS\system32\RPCRT4.dll
0x00007ff85d240000 - 0x00007ff85d297000 	C:\WINDOWS\SYSTEM32\sechost.dll
0x00007ff85d2a0000 - 0x00007ff85d476000 	C:\WINDOWS\SYSTEM32\combase.dll
0x00007ff85d480000 - 0x00007ff85d5c4000 	C:\WINDOWS\system32\GDI32.dll
0x00007ff85c6c0000 - 0x00007ff85c6d4000 	C:\WINDOWS\SYSTEM32\profapi.dll
0x00007ff85b210000 - 0x00007ff85b2af000 	C:\WINDOWS\SYSTEM32\SHCORE.dll
0x00007ff85cf00000 - 0x00007ff85cf34000 	C:\WINDOWS\system32\IMM32.DLL
0x00007ff85d780000 - 0x00007ff85d8b9000 	C:\WINDOWS\system32\MSCTF.dll
0x00007ff85a520000 - 0x00007ff85a77a000 	C:\WINDOWS\WinSxS\amd64_microsoft.windows.common-controls_6595b64144ccf1df_6.0.9600.17031_none_6242a4b3ecbb55a1\COMCTL32.dll
0x000000006dfb0000 - 0x000000006e081000 	C:\Program Files\Java\jdk1.7.0_25\jre\bin\msvcr100.dll
0x000000006e090000 - 0x000000006e79f000 	C:\Program Files\Java\jdk1.7.0_25\jre\bin\server\jvm.dll
0x00007ff858360000 - 0x00007ff858369000 	C:\WINDOWS\SYSTEM32\WSOCK32.dll
0x00007ff85a460000 - 0x00007ff85a47f000 	C:\WINDOWS\SYSTEM32\WINMM.dll
0x00007ff85cff0000 - 0x00007ff85cff7000 	C:\WINDOWS\system32\PSAPI.DLL
0x00007ff85f2f0000 - 0x00007ff85f348000 	C:\WINDOWS\system32\WS2_32.dll
0x00007ff85a370000 - 0x00007ff85a39a000 	C:\WINDOWS\SYSTEM32\WINMMBASE.dll
0x00007ff85d770000 - 0x00007ff85d779000 	C:\WINDOWS\system32\NSI.dll
0x00007ff85cb80000 - 0x00007ff85cbca000 	C:\WINDOWS\SYSTEM32\cfgmgr32.dll
0x00007ff85b520000 - 0x00007ff85b546000 	C:\WINDOWS\SYSTEM32\DEVOBJ.dll
0x000000006df60000 - 0x000000006df6f000 	C:\Program Files\Java\jdk1.7.0_25\jre\bin\verify.dll
0x000000006df30000 - 0x000000006df58000 	C:\Program Files\Java\jdk1.7.0_25\jre\bin\java.dll
0x000000006df10000 - 0x000000006df25000 	C:\Program Files\Java\jdk1.7.0_25\jre\bin\zip.dll
0x0000000180000000 - 0x0000000180051000 	C:\Users\Rory\Desktop\Programs\LWJGL\native\windows\lwjgl64.dll
0x00007ff847f20000 - 0x00007ff848041000 	C:\WINDOWS\SYSTEM32\OPENGL32.dll
0x00007ff85a480000 - 0x00007ff85a48a000 	C:\WINDOWS\SYSTEM32\VERSION.dll
0x00007ff847ef0000 - 0x00007ff847f1c000 	C:\WINDOWS\SYSTEM32\GLU32.dll
0x00007ff84c0a0000 - 0x00007ff84c194000 	C:\WINDOWS\SYSTEM32\DDRAW.dll
0x00007ff858330000 - 0x00007ff858339000 	C:\WINDOWS\SYSTEM32\DCIMAN32.dll
0x00007ff85b3a0000 - 0x00007ff85b4c1000 	C:\WINDOWS\system32\uxtheme.dll
0x00007ff84b810000 - 0x00007ff84b86c000 	C:\WINDOWS\SYSTEM32\nvoglshim64.dll
0x0000000010b80000 - 0x00000000112fe000 	C:\WINDOWS\system32\ig7icd64.dll
0x00007ff857080000 - 0x00007ff8574c0000 	C:\WINDOWS\SYSTEM32\igdusc64.dll
0x00007ff85aaf0000 - 0x00007ff85ab10000 	C:\WINDOWS\SYSTEM32\dwmapi.dll
0x00007ff85b570000 - 0x00007ff85b57a000 	C:\WINDOWS\SYSTEM32\kernel.appcore.dll
0x00007ff85c590000 - 0x00007ff85c59a000 	C:\WINDOWS\SYSTEM32\CRYPTBASE.dll
0x00007ff85c530000 - 0x00007ff85c590000 	C:\WINDOWS\SYSTEM32\bcryptPrimitives.dll
0x00007ff85a490000 - 0x00007ff85a51d000 	C:\WINDOWS\SYSTEM32\mscms.dll
0x00007ff850aa0000 - 0x00007ff850ae1000 	C:\WINDOWS\SYSTEM32\icm32.dll
0x00007ff85c660000 - 0x00007ff85c6a5000 	C:\WINDOWS\SYSTEM32\powrprof.dll
0x00007ff85cf40000 - 0x00007ff85cfe4000 	C:\WINDOWS\SYSTEM32\clbcatq.dll
0x00007ff856d80000 - 0x00007ff856f08000 	C:\WINDOWS\SYSTEM32\dbghelp.dll

VM Arguments:
jvm_args: -Dfile.encoding=UTF-8 -Djava.library.path=C:\Users\Rory\Desktop\Programs\LWJGL\native\windows 
java_command: core.Main
Launcher Type: SUN_STANDARD

Environment Variables:
PATH=C:\ProgramData\Oracle\Java\javapath;C:\Program Files (x86)\NVIDIA Corporation\PhysX\Common;C:\Program Files (x86)\Intel\iCLS Client\;C:\Program Files\Intel\iCLS Client\;C:\WINDOWS\system32;C:\WINDOWS;C:\WINDOWS\System32\Wbem;C:\WINDOWS\System32\WindowsPowerShell\v1.0\;C:\Program Files (x86)\Intel\OpenCL SDK\2.0\bin\x86;C:\Program Files (x86)\Intel\OpenCL SDK\2.0\bin\x64;C:\Program Files\Intel\Intel(R) Management Engine Components\DAL;C:\Program Files\Intel\Intel(R) Management Engine Components\IPT;C:\Program Files (x86)\Intel\Intel(R) Management Engine Components\DAL;C:\Program Files (x86)\Intel\Intel(R) Management Engine Components\IPT;C:\Program Files\Lenovo\Bluetooth Software\;C:\Program Files\Lenovo\Bluetooth Software\syswow64;C:\Program Files\Intel\WiFi\bin\;C:\Program Files\Common Files\Intel\WirelessCommon\;C:\Program Files\SlikSvn\bin
USERNAME=Rory
OS=Windows_NT
PROCESSOR_IDENTIFIER=Intel64 Family 6 Model 58 Stepping 9, GenuineIntel



---------------  S Y S T E M  ---------------

OS: Windows 8 , 64 bit Build 9200 

CPU:total 8 (4 cores per cpu, 2 threads per core) family 6 model 58 stepping 9, cmov, cx8, fxsr, mmx, sse, sse2, sse3, ssse3, sse4.1, sse4.2, popcnt, avx, ht, tsc, tscinvbit, tscinv

Memory: 4k page, physical 8251156k(3876668k free), swap 9561876k(4385316k free)

vm_info: Java HotSpot(TM) 64-Bit Server VM (23.25-b01) for windows-amd64 JRE (1.7.0_25-b16), built on Jun 12 2013 16:42:02 by "java_re" with unknown MS VC++:1600

time: Mon Feb 16 21:41:43 2015
elapsed time: 5 seconds

